# JRE version: OpenJDK Runtime Environment (8.0_152-b01) (build 1.8.0_152-release-1248-b01)
# Java VM: OpenJDK 64-Bit Server VM (25.152-b01 mixed mode windows-amd64 compressed oops)
Heap:
 PSYoungGen      total 147968K, used 46893K [0x00000000e0000000, 0x00000000eae00000, 0x0000000100000000)
  eden space 139776K, 27% used [0x00000000e0000000,0x00000000e25e67a0,0x00000000e8880000)
  from space 8192K, 98% used [0x00000000ea600000,0x00000000eade4f78,0x00000000eae00000)
  to   space 18944K, 0% used [0x00000000e8900000,0x00000000e8900000,0x00000000e9b80000)
 ParOldGen       total 146944K, used 32110K [0x00000000a0000000, 0x00000000a8f80000, 0x00000000e0000000)
  object space 146944K, 21% used [0x00000000a0000000,0x00000000a1f5b838,0x00000000a8f80000)
 Metaspace       used 63508K, capacity 65212K, committed 65456K, reserved 1105920K
  class space    used 8662K, capacity 9132K, committed 9136K, reserved 1048576K
GC Heap History (10 events):
Event: 11.655 GC heap before
{Heap before GC invocations=13 (full 2):
 PSYoungGen      total 105472K, used 105449K [0x00000000e0000000, 0x00000000e7b00000, 0x0000000100000000)
  eden space 93696K, 100% used [0x00000000e0000000,0x00000000e5b80000,0x00000000e5b80000)
  from space 11776K, 99% used [0x00000000e6f80000,0x00000000e7afa728,0x00000000e7b00000)
  to   space 13312K, 0% used [0x00000000e6100000,0x00000000e6100000,0x00000000e6e00000)
 ParOldGen       total 102400K, used 16691K [0x00000000a0000000, 0x00000000a6400000, 0x00000000e0000000)
  object space 102400K, 16% used [0x00000000a0000000,0x00000000a104ce20,0x00000000a6400000)
 Metaspace       used 50402K, capacity 51670K, committed 51760K, reserved 1093632K
  class space    used 6801K, capacity 7164K, committed 7216K, reserved 1048576K
Event: 11.700 GC heap after
Heap after GC invocations=13 (full 2):
 PSYoungGen      total 112640K, used 13288K [0x00000000e0000000, 0x00000000e8f80000, 0x0000000100000000)
  eden space 99328K, 0% used [0x00000000e0000000,0x00000000e0000000,0x00000000e6100000)
  from space 13312K, 99% used [0x00000000e6100000,0x00000000e6dfa1a0,0x00000000e6e00000)
  to   space 15872K, 0% used [0x00000000e8000000,0x00000000e8000000,0x00000000e8f80000)
 ParOldGen       total 102400K, used 18999K [0x00000000a0000000, 0x00000000a6400000, 0x00000000e0000000)
  object space 102400K, 18% used [0x00000000a0000000,0x00000000a128dfd0,0x00000000a6400000)
 Metaspace       used 50402K, capacity 51670K, committed 51760K, reserved 1093632K
  class space    used 6801K, capacity 7164K, committed 7216K, reserved 1048576K
}
Event: 14.965 GC heap before
{Heap before GC invocations=14 (full 2):
 PSYoungGen      total 112640K, used 112616K [0x00000000e0000000, 0x00000000e8f80000, 0x0000000100000000)
  eden space 99328K, 100% used [0x00000000e0000000,0x00000000e6100000,0x00000000e6100000)
  from space 13312K, 99% used [0x00000000e6100000,0x00000000e6dfa1a0,0x00000000e6e00000)
  to   space 15872K, 0% used [0x00000000e8000000,0x00000000e8000000,0x00000000e8f80000)
 ParOldGen       total 102400K, used 18999K [0x00000000a0000000, 0x00000000a6400000, 0x00000000e0000000)
  object space 102400K, 18% used [0x00000000a0000000,0x00000000a128dfd0,0x00000000a6400000)
 Metaspace       used 56899K, capacity 58526K, committed 58800K, reserved 1099776K
  class space    used 7820K, capacity 8277K, committed 8368K, reserved 1048576K
Event: 15.004 GC heap after
Heap after GC invocations=14 (full 2):
 PSYoungGen      total 126464K, used 15870K [0x00000000e0000000, 0x00000000e9e00000, 0x0000000100000000)
  eden space 110592K, 0% used [0x00000000e0000000,0x00000000e0000000,0x00000000e6c00000)
  from space 15872K, 99% used [0x00000000e8000000,0x00000000e8f7f9b8,0x00000000e8f80000)
  to   space 20480K, 0% used [0x00000000e6c00000,0x00000000e6c00000,0x00000000e8000000)
 ParOldGen       total 102400K, used 25995K [0x00000000a0000000, 0x00000000a6400000, 0x00000000e0000000)
  object space 102400K, 25% used [0x00000000a0000000,0x00000000a1962f80,0x00000000a6400000)
 Metaspace       used 56899K, capacity 58526K, committed 58800K, reserved 1099776K
  class space    used 7820K, capacity 8277K, committed 8368K, reserved 1048576K
}
Event: 15.422 GC heap before
{Heap before GC invocations=15 (full 2):
 PSYoungGen      total 126464K, used 24502K [0x00000000e0000000, 0x00000000e9e00000, 0x0000000100000000)
  eden space 110592K, 7% used [0x00000000e0000000,0x00000000e086e140,0x00000000e6c00000)
  from space 15872K, 99% used [0x00000000e8000000,0x00000000e8f7f9b8,0x00000000e8f80000)
  to   space 20480K, 0% used [0x00000000e6c00000,0x00000000e6c00000,0x00000000e8000000)
 ParOldGen       total 102400K, used 25995K [0x00000000a0000000, 0x00000000a6400000, 0x00000000e0000000)
  object space 102400K, 25% used [0x00000000a0000000,0x00000000a1962f80,0x00000000a6400000)
 Metaspace       used 57486K, capacity 59080K, committed 59160K, reserved 1099776K
  class space    used 7915K, capacity 8364K, committed 8368K, reserved 1048576K
Event: 15.477 GC heap after
Heap after GC invocations=15 (full 2):
 PSYoungGen      total 131072K, used 7146K [0x00000000e0000000, 0x00000000eb980000, 0x0000000100000000)
  eden space 110592K, 0% used [0x00000000e0000000,0x00000000e0000000,0x00000000e6c00000)
  from space 20480K, 34% used [0x00000000e6c00000,0x00000000e72faa70,0x00000000e8000000)
  to   space 19968K, 0% used [0x00000000ea600000,0x00000000ea600000,0x00000000eb980000)
 ParOldGen       total 102400K, used 35678K [0x00000000a0000000, 0x00000000a6400000, 0x00000000e0000000)
  object space 102400K, 34% used [0x00000000a0000000,0x00000000a22d78d0,0x00000000a6400000)
 Metaspace       used 57486K, capacity 59080K, committed 59160K, reserved 1099776K
  class space    used 7915K, capacity 8364K, committed 8368K, reserved 1048576K
}
Event: 15.477 GC heap before
{Heap before GC invocations=16 (full 3):
 PSYoungGen      total 131072K, used 7146K [0x00000000e0000000, 0x00000000eb980000, 0x0000000100000000)
  eden space 110592K, 0% used [0x00000000e0000000,0x00000000e0000000,0x00000000e6c00000)
  from space 20480K, 34% used [0x00000000e6c00000,0x00000000e72faa70,0x00000000e8000000)
  to   space 19968K, 0% used [0x00000000ea600000,0x00000000ea600000,0x00000000eb980000)
 ParOldGen       total 102400K, used 35678K [0x00000000a0000000, 0x00000000a6400000, 0x00000000e0000000)
  object space 102400K, 34% used [0x00000000a0000000,0x00000000a22d78d0,0x00000000a6400000)
 Metaspace       used 57486K, capacity 59080K, committed 59160K, reserved 1099776K
  class space    used 7915K, capacity 8364K, committed 8368K, reserved 1048576K
Event: 16.035 GC heap after
Heap after GC invocations=16 (full 3):
 PSYoungGen      total 131072K, used 0K [0x00000000e0000000, 0x00000000eb980000, 0x0000000100000000)
  eden space 110592K, 0% used [0x00000000e0000000,0x00000000e0000000,0x00000000e6c00000)
  from space 20480K, 0% used [0x00000000e6c00000,0x00000000e6c00000,0x00000000e8000000)
  to   space 19968K, 0% used [0x00000000ea600000,0x00000000ea600000,0x00000000eb980000)
 ParOldGen       total 146944K, used 32102K [0x00000000a0000000, 0x00000000a8f80000, 0x00000000e0000000)
  object space 146944K, 21% used [0x00000000a0000000,0x00000000a1f59838,0x00000000a8f80000)
 Metaspace       used 57486K, capacity 59080K, committed 59160K, reserved 1099776K
  class space    used 7915K, capacity 8364K, committed 8368K, reserved 1048576K
}
Event: 20.623 GC heap before
{Heap before GC invocations=17 (full 3):
 PSYoungGen      total 131072K, used 110592K [0x00000000e0000000, 0x00000000eb980000, 0x0000000100000000)
  eden space 110592K, 100% used [0x00000000e0000000,0x00000000e6c00000,0x00000000e6c00000)
  from space 20480K, 0% used [0x00000000e6c00000,0x00000000e6c00000,0x00000000e8000000)
  to   space 19968K, 0% used [0x00000000ea600000,0x00000000ea600000,0x00000000eb980000)
 ParOldGen       total 146944K, used 32102K [0x00000000a0000000, 0x00000000a8f80000, 0x00000000e0000000)
  object space 146944K, 21% used [0x00000000a0000000,0x00000000a1f59838,0x00000000a8f80000)
 Metaspace       used 60867K, capacity 62532K, committed 62640K, reserved 1103872K
  class space    used 8353K, capacity 8840K, committed 8880K, reserved 1048576K
Event: 20.638 GC heap after
Heap after GC invocations=17 (full 3):
 PSYoungGen      total 147968K, used 8083K [0x00000000e0000000, 0x00000000eae00000, 0x0000000100000000)
  eden space 139776K, 0% used [0x00000000e0000000,0x00000000e0000000,0x00000000e8880000)
  from space 8192K, 98% used [0x00000000ea600000,0x00000000eade4f78,0x00000000eae00000)
  to   space 18944K, 0% used [0x00000000e8900000,0x00000000e8900000,0x00000000e9b80000)
 ParOldGen       total 146944K, used 32110K [0x00000000a0000000, 0x00000000a8f80000, 0x00000000e0000000)
  object space 146944K, 21% used [0x00000000a0000000,0x00000000a1f5b838,0x00000000a8f80000)
 Metaspace       used 60867K, capacity 62532K, committed 62640K, reserved 1103872K
  class space    used 8353K, capacity 8840K, committed 8880K, reserved 1048576K
}

