# JRE version: OpenJDK Runtime Environment (8.0_152-b01) (build 1.8.0_152-release-1248-b01)
# Java VM: OpenJDK 64-Bit Server VM (25.152-b01 mixed mode windows-amd64 compressed oops)
Heap:
 PSYoungGen      total 452096K, used 404316K [0x00000000e0000000, 0x0000000100000000, 0x0000000100000000)
  eden space 424960K, 88% used [0x00000000e0000000,0x00000000f70d3a90,0x00000000f9f00000)
  from space 27136K, 98% used [0x00000000f9f00000,0x00000000fb9035e0,0x00000000fb980000)
  to   space 50176K, 0% used [0x00000000fcf00000,0x00000000fcf00000,0x0000000100000000)
 ParOldGen       total 206336K, used 81376K [0x00000000a0000000, 0x00000000ac980000, 0x00000000e0000000)
  object space 206336K, 39% used [0x00000000a0000000,0x00000000a4f782a8,0x00000000ac980000)
 Metaspace       used 103122K, capacity 107416K, committed 107672K, reserved 1142784K
  class space    used 12747K, capacity 13619K, committed 13720K, reserved 1048576K
GC Heap History (10 events):
Event: 972.614 GC heap before
{Heap before GC invocations=45 (full 4):
 PSYoungGen      total 483328K, used 454907K [0x00000000e0000000, 0x00000000ffb80000, 0x0000000100000000)
  eden space 451072K, 100% used [0x00000000e0000000,0x00000000fb880000,0x00000000fb880000)
  from space 32256K, 11% used [0x00000000fdc00000,0x00000000fdfbedf8,0x00000000ffb80000)
  to   space 34304K, 0% used [0x00000000fb880000,0x00000000fb880000,0x00000000fda00000)
 ParOldGen       total 206336K, used 61048K [0x00000000a0000000, 0x00000000ac980000, 0x00000000e0000000)
  object space 206336K, 29% used [0x00000000a0000000,0x00000000a3b9e3f8,0x00000000ac980000)
 Metaspace       used 99933K, capacity 103654K, committed 103960K, reserved 1140736K
  class space    used 12455K, capacity 13225K, committed 13336K, reserved 1048576K
Event: 972.766 GC heap after
Heap after GC invocations=45 (full 4):
 PSYoungGen      total 485376K, used 34279K [0x00000000e0000000, 0x0000000100000000, 0x0000000100000000)
  eden space 451072K, 0% used [0x00000000e0000000,0x00000000e0000000,0x00000000fb880000)
  from space 34304K, 99% used [0x00000000fb880000,0x00000000fd9f9ff0,0x00000000fda00000)
  to   space 38912K, 0% used [0x00000000fda00000,0x00000000fda00000,0x0000000100000000)
 ParOldGen       total 206336K, used 79908K [0x00000000a0000000, 0x00000000ac980000, 0x00000000e0000000)
  object space 206336K, 38% used [0x00000000a0000000,0x00000000a4e09278,0x00000000ac980000)
 Metaspace       used 99933K, capacity 103654K, committed 103960K, reserved 1140736K
  class space    used 12455K, capacity 13225K, committed 13336K, reserved 1048576K
}
Event: 1000.331 GC heap before
{Heap before GC invocations=46 (full 4):
 PSYoungGen      total 485376K, used 485351K [0x00000000e0000000, 0x0000000100000000, 0x0000000100000000)
  eden space 451072K, 100% used [0x00000000e0000000,0x00000000fb880000,0x00000000fb880000)
  from space 34304K, 99% used [0x00000000fb880000,0x00000000fd9f9ff0,0x00000000fda00000)
  to   space 38912K, 0% used [0x00000000fda00000,0x00000000fda00000,0x0000000100000000)
 ParOldGen       total 206336K, used 79908K [0x00000000a0000000, 0x00000000ac980000, 0x00000000e0000000)
  object space 206336K, 38% used [0x00000000a0000000,0x00000000a4e09278,0x00000000ac980000)
 Metaspace       used 100989K, capacity 104966K, committed 105112K, reserved 1140736K
  class space    used 12589K, capacity 13387K, committed 13464K, reserved 1048576K
Event: 1000.393 GC heap after
Heap after GC invocations=46 (full 4):
 PSYoungGen      total 467968K, used 21611K [0x00000000e0000000, 0x0000000100000000, 0x0000000100000000)
  eden space 429056K, 0% used [0x00000000e0000000,0x00000000e0000000,0x00000000fa300000)
  from space 38912K, 55% used [0x00000000fda00000,0x00000000fef1ae38,0x0000000100000000)
  to   space 47616K, 0% used [0x00000000fa300000,0x00000000fa300000,0x00000000fd180000)
 ParOldGen       total 206336K, used 81304K [0x00000000a0000000, 0x00000000ac980000, 0x00000000e0000000)
  object space 206336K, 39% used [0x00000000a0000000,0x00000000a4f662a8,0x00000000ac980000)
 Metaspace       used 100989K, capacity 104966K, committed 105112K, reserved 1140736K
  class space    used 12589K, capacity 13387K, committed 13464K, reserved 1048576K
}
Event: 3795.643 GC heap before
{Heap before GC invocations=47 (full 4):
 PSYoungGen      total 467968K, used 450667K [0x00000000e0000000, 0x0000000100000000, 0x0000000100000000)
  eden space 429056K, 100% used [0x00000000e0000000,0x00000000fa300000,0x00000000fa300000)
  from space 38912K, 55% used [0x00000000fda00000,0x00000000fef1ae38,0x0000000100000000)
  to   space 47616K, 0% used [0x00000000fa300000,0x00000000fa300000,0x00000000fd180000)
 ParOldGen       total 206336K, used 81304K [0x00000000a0000000, 0x00000000ac980000, 0x00000000e0000000)
  object space 206336K, 39% used [0x00000000a0000000,0x00000000a4f662a8,0x00000000ac980000)
 Metaspace       used 102127K, capacity 106380K, committed 106520K, reserved 1142784K
  class space    used 12675K, capacity 13507K, committed 13592K, reserved 1048576K
Event: 3795.822 GC heap after
Heap after GC invocations=47 (full 4):
 PSYoungGen      total 458240K, used 28959K [0x00000000e0000000, 0x0000000100000000, 0x0000000100000000)
  eden space 429056K, 0% used [0x00000000e0000000,0x00000000e0000000,0x00000000fa300000)
  from space 29184K, 99% used [0x00000000fa300000,0x00000000fbf47fa8,0x00000000fbf80000)
  to   space 49664K, 0% used [0x00000000fcf80000,0x00000000fcf80000,0x0000000100000000)
 ParOldGen       total 206336K, used 81312K [0x00000000a0000000, 0x00000000ac980000, 0x00000000e0000000)
  object space 206336K, 39% used [0x00000000a0000000,0x00000000a4f682a8,0x00000000ac980000)
 Metaspace       used 102127K, capacity 106380K, committed 106520K, reserved 1142784K
  class space    used 12675K, capacity 13507K, committed 13592K, reserved 1048576K
}
Event: 3800.197 GC heap before
{Heap before GC invocations=48 (full 4):
 PSYoungGen      total 458240K, used 458015K [0x00000000e0000000, 0x0000000100000000, 0x0000000100000000)
  eden space 429056K, 100% used [0x00000000e0000000,0x00000000fa300000,0x00000000fa300000)
  from space 29184K, 99% used [0x00000000fa300000,0x00000000fbf47fa8,0x00000000fbf80000)
  to   space 49664K, 0% used [0x00000000fcf80000,0x00000000fcf80000,0x0000000100000000)
 ParOldGen       total 206336K, used 81312K [0x00000000a0000000, 0x00000000ac980000, 0x00000000e0000000)
  object space 206336K, 39% used [0x00000000a0000000,0x00000000a4f682a8,0x00000000ac980000)
 Metaspace       used 102512K, capacity 106794K, committed 107032K, reserved 1142784K
  class space    used 12696K, capacity 13552K, committed 13592K, reserved 1048576K
Event: 3800.399 GC heap after
Heap after GC invocations=48 (full 4):
 PSYoungGen      total 474624K, used 26151K [0x00000000e0000000, 0x0000000100000000, 0x0000000100000000)
  eden space 424960K, 0% used [0x00000000e0000000,0x00000000e0000000,0x00000000f9f00000)
  from space 49664K, 52% used [0x00000000fcf80000,0x00000000fe909fe8,0x0000000100000000)
  to   space 49664K, 0% used [0x00000000f9f00000,0x00000000f9f00000,0x00000000fcf80000)
 ParOldGen       total 206336K, used 81344K [0x00000000a0000000, 0x00000000ac980000, 0x00000000e0000000)
  object space 206336K, 39% used [0x00000000a0000000,0x00000000a4f702a8,0x00000000ac980000)
 Metaspace       used 102512K, capacity 106794K, committed 107032K, reserved 1142784K
  class space    used 12696K, capacity 13552K, committed 13592K, reserved 1048576K
}
Event: 3810.798 GC heap before
{Heap before GC invocations=49 (full 4):
 PSYoungGen      total 474624K, used 450678K [0x00000000e0000000, 0x0000000100000000, 0x0000000100000000)
  eden space 424960K, 99% used [0x00000000e0000000,0x00000000f9e93b08,0x00000000f9f00000)
  from space 49664K, 52% used [0x00000000fcf80000,0x00000000fe909fe8,0x0000000100000000)
  to   space 49664K, 0% used [0x00000000f9f00000,0x00000000f9f00000,0x00000000fcf80000)
 ParOldGen       total 206336K, used 81344K [0x00000000a0000000, 0x00000000ac980000, 0x00000000e0000000)
  object space 206336K, 39% used [0x00000000a0000000,0x00000000a4f702a8,0x00000000ac980000)
 Metaspace       used 102900K, capacity 107168K, committed 107288K, reserved 1142784K
  class space    used 12729K, capacity 13589K, committed 13592K, reserved 1048576K
Event: 3810.897 GC heap after
Heap after GC invocations=49 (full 4):
 PSYoungGen      total 452096K, used 26637K [0x00000000e0000000, 0x0000000100000000, 0x0000000100000000)
  eden space 424960K, 0% used [0x00000000e0000000,0x00000000e0000000,0x00000000f9f00000)
  from space 27136K, 98% used [0x00000000f9f00000,0x00000000fb9035e0,0x00000000fb980000)
  to   space 50176K, 0% used [0x00000000fcf00000,0x00000000fcf00000,0x0000000100000000)
 ParOldGen       total 206336K, used 81376K [0x00000000a0000000, 0x00000000ac980000, 0x00000000e0000000)
  object space 206336K, 39% used [0x00000000a0000000,0x00000000a4f782a8,0x00000000ac980000)
 Metaspace       used 102900K, capacity 107168K, committed 107288K, reserved 1142784K
  class space    used 12729K, capacity 13589K, committed 13592K, reserved 1048576K
}

