# JRE version: OpenJDK Runtime Environment (8.0_152-b01) (build 1.8.0_152-release-1248-b01)
# Java VM: OpenJDK 64-Bit Server VM (25.152-b01 mixed mode windows-amd64 compressed oops)
Heap:
 PSYoungGen      total 249344K, used 209160K [0x00000000e0000000, 0x00000000f1700000, 0x0000000100000000)
  eden space 222208K, 86% used [0x00000000e0000000,0x00000000ebaff028,0x00000000ed900000)
  from space 27136K, 65% used [0x00000000efc80000,0x00000000f0dc31b8,0x00000000f1700000)
  to   space 31744K, 0% used [0x00000000ed900000,0x00000000ed900000,0x00000000ef800000)
 ParOldGen       total 147456K, used 51875K [0x00000000a0000000, 0x00000000a9000000, 0x00000000e0000000)
  object space 147456K, 35% used [0x00000000a0000000,0x00000000a32a8ff0,0x00000000a9000000)
 Metaspace       used 88855K, capacity 92444K, committed 92720K, reserved 1130496K
  class space    used 11349K, capacity 12052K, committed 12080K, reserved 1048576K
GC Heap History (10 events):
Event: 4865.208 GC heap before
{Heap before GC invocations=27 (full 3):
 PSYoungGen      total 212992K, used 201728K [0x00000000e0000000, 0x00000000ee880000, 0x0000000100000000)
  eden space 188928K, 100% used [0x00000000e0000000,0x00000000eb880000,0x00000000eb880000)
  from space 24064K, 53% used [0x00000000eb880000,0x00000000ec500130,0x00000000ed000000)
  to   space 23040K, 0% used [0x00000000ed200000,0x00000000ed200000,0x00000000ee880000)
 ParOldGen       total 147456K, used 45345K [0x00000000a0000000, 0x00000000a9000000, 0x00000000e0000000)
  object space 147456K, 30% used [0x00000000a0000000,0x00000000a2c487a8,0x00000000a9000000)
 Metaspace       used 87754K, capacity 91284K, committed 91440K, reserved 1128448K
  class space    used 11291K, capacity 12010K, committed 12080K, reserved 1048576K
Event: 4865.235 GC heap after
Heap after GC invocations=27 (full 3):
 PSYoungGen      total 216064K, used 12592K [0x00000000e0000000, 0x00000000ef580000, 0x0000000100000000)
  eden space 193024K, 0% used [0x00000000e0000000,0x00000000e0000000,0x00000000ebc80000)
  from space 23040K, 54% used [0x00000000ed200000,0x00000000ede4c140,0x00000000ee880000)
  to   space 22016K, 0% used [0x00000000ebc80000,0x00000000ebc80000,0x00000000ed200000)
 ParOldGen       total 147456K, used 45353K [0x00000000a0000000, 0x00000000a9000000, 0x00000000e0000000)
  object space 147456K, 30% used [0x00000000a0000000,0x00000000a2c4a7a8,0x00000000a9000000)
 Metaspace       used 87754K, capacity 91284K, committed 91440K, reserved 1128448K
  class space    used 11291K, capacity 12010K, committed 12080K, reserved 1048576K
}
Event: 4867.923 GC heap before
{Heap before GC invocations=28 (full 3):
 PSYoungGen      total 216064K, used 205616K [0x00000000e0000000, 0x00000000ef580000, 0x0000000100000000)
  eden space 193024K, 100% used [0x00000000e0000000,0x00000000ebc80000,0x00000000ebc80000)
  from space 23040K, 54% used [0x00000000ed200000,0x00000000ede4c140,0x00000000ee880000)
  to   space 22016K, 0% used [0x00000000ebc80000,0x00000000ebc80000,0x00000000ed200000)
 ParOldGen       total 147456K, used 45353K [0x00000000a0000000, 0x00000000a9000000, 0x00000000e0000000)
  object space 147456K, 30% used [0x00000000a0000000,0x00000000a2c4a7a8,0x00000000a9000000)
 Metaspace       used 88148K, capacity 91668K, committed 91952K, reserved 1128448K
  class space    used 11319K, capacity 12010K, committed 12080K, reserved 1048576K
Event: 4868.019 GC heap after
Heap after GC invocations=28 (full 3):
 PSYoungGen      total 215040K, used 21992K [0x00000000e0000000, 0x00000000f0180000, 0x0000000100000000)
  eden space 193024K, 0% used [0x00000000e0000000,0x00000000e0000000,0x00000000ebc80000)
  from space 22016K, 99% used [0x00000000ebc80000,0x00000000ed1fa028,0x00000000ed200000)
  to   space 26624K, 0% used [0x00000000ee780000,0x00000000ee780000,0x00000000f0180000)
 ParOldGen       total 147456K, used 49993K [0x00000000a0000000, 0x00000000a9000000, 0x00000000e0000000)
  object space 147456K, 33% used [0x00000000a0000000,0x00000000a30d24a0,0x00000000a9000000)
 Metaspace       used 88148K, capacity 91668K, committed 91952K, reserved 1128448K
  class space    used 11319K, capacity 12010K, committed 12080K, reserved 1048576K
}
Event: 4871.993 GC heap before
{Heap before GC invocations=29 (full 3):
 PSYoungGen      total 215040K, used 215016K [0x00000000e0000000, 0x00000000f0180000, 0x0000000100000000)
  eden space 193024K, 100% used [0x00000000e0000000,0x00000000ebc80000,0x00000000ebc80000)
  from space 22016K, 99% used [0x00000000ebc80000,0x00000000ed1fa028,0x00000000ed200000)
  to   space 26624K, 0% used [0x00000000ee780000,0x00000000ee780000,0x00000000f0180000)
 ParOldGen       total 147456K, used 49997K [0x00000000a0000000, 0x00000000a9000000, 0x00000000e0000000)
  object space 147456K, 33% used [0x00000000a0000000,0x00000000a30d34b0,0x00000000a9000000)
 Metaspace       used 88161K, capacity 91674K, committed 91952K, reserved 1128448K
  class space    used 11320K, capacity 12011K, committed 12080K, reserved 1048576K
Event: 4872.071 GC heap after
Heap after GC invocations=29 (full 3):
 PSYoungGen      total 233984K, used 24416K [0x00000000e0000000, 0x00000000f0780000, 0x0000000100000000)
  eden space 207360K, 0% used [0x00000000e0000000,0x00000000e0000000,0x00000000eca80000)
  from space 26624K, 91% used [0x00000000ee780000,0x00000000eff580a0,0x00000000f0180000)
  to   space 29696K, 0% used [0x00000000eca80000,0x00000000eca80000,0x00000000ee780000)
 ParOldGen       total 147456K, used 51857K [0x00000000a0000000, 0x00000000a9000000, 0x00000000e0000000)
  object space 147456K, 35% used [0x00000000a0000000,0x00000000a32a45a0,0x00000000a9000000)
 Metaspace       used 88161K, capacity 91674K, committed 91952K, reserved 1128448K
  class space    used 11320K, capacity 12011K, committed 12080K, reserved 1048576K
}
Event: 4874.913 GC heap before
{Heap before GC invocations=30 (full 3):
 PSYoungGen      total 233984K, used 231776K [0x00000000e0000000, 0x00000000f0780000, 0x0000000100000000)
  eden space 207360K, 100% used [0x00000000e0000000,0x00000000eca80000,0x00000000eca80000)
  from space 26624K, 91% used [0x00000000ee780000,0x00000000eff580a0,0x00000000f0180000)
  to   space 29696K, 0% used [0x00000000eca80000,0x00000000eca80000,0x00000000ee780000)
 ParOldGen       total 147456K, used 51859K [0x00000000a0000000, 0x00000000a9000000, 0x00000000e0000000)
  object space 147456K, 35% used [0x00000000a0000000,0x00000000a32a4ff0,0x00000000a9000000)
 Metaspace       used 88166K, capacity 91674K, committed 91952K, reserved 1128448K
  class space    used 11320K, capacity 12011K, committed 12080K, reserved 1048576K
Event: 4874.968 GC heap after
Heap after GC invocations=30 (full 3):
 PSYoungGen      total 237056K, used 27552K [0x00000000e0000000, 0x00000000f1c80000, 0x0000000100000000)
  eden space 207360K, 0% used [0x00000000e0000000,0x00000000e0000000,0x00000000eca80000)
  from space 29696K, 92% used [0x00000000eca80000,0x00000000ee568100,0x00000000ee780000)
  to   space 32768K, 0% used [0x00000000efc80000,0x00000000efc80000,0x00000000f1c80000)
 ParOldGen       total 147456K, used 51867K [0x00000000a0000000, 0x00000000a9000000, 0x00000000e0000000)
  object space 147456K, 35% used [0x00000000a0000000,0x00000000a32a6ff0,0x00000000a9000000)
 Metaspace       used 88166K, capacity 91674K, committed 91952K, reserved 1128448K
  class space    used 11320K, capacity 12011K, committed 12080K, reserved 1048576K
}
Event: 9888.030 GC heap before
{Heap before GC invocations=31 (full 3):
 PSYoungGen      total 237056K, used 234912K [0x00000000e0000000, 0x00000000f1c80000, 0x0000000100000000)
  eden space 207360K, 100% used [0x00000000e0000000,0x00000000eca80000,0x00000000eca80000)
  from space 29696K, 92% used [0x00000000eca80000,0x00000000ee568100,0x00000000ee780000)
  to   space 32768K, 0% used [0x00000000efc80000,0x00000000efc80000,0x00000000f1c80000)
 ParOldGen       total 147456K, used 51867K [0x00000000a0000000, 0x00000000a9000000, 0x00000000e0000000)
  object space 147456K, 35% used [0x00000000a0000000,0x00000000a32a6ff0,0x00000000a9000000)
 Metaspace       used 88559K, capacity 92100K, committed 92208K, reserved 1130496K
  class space    used 11339K, capacity 12038K, committed 12080K, reserved 1048576K
Event: 9888.102 GC heap after
Heap after GC invocations=31 (full 3):
 PSYoungGen      total 249344K, used 17676K [0x00000000e0000000, 0x00000000f1700000, 0x0000000100000000)
  eden space 222208K, 0% used [0x00000000e0000000,0x00000000e0000000,0x00000000ed900000)
  from space 27136K, 65% used [0x00000000efc80000,0x00000000f0dc31b8,0x00000000f1700000)
  to   space 31744K, 0% used [0x00000000ed900000,0x00000000ed900000,0x00000000ef800000)
 ParOldGen       total 147456K, used 51875K [0x00000000a0000000, 0x00000000a9000000, 0x00000000e0000000)
  object space 147456K, 35% used [0x00000000a0000000,0x00000000a32a8ff0,0x00000000a9000000)
 Metaspace       used 88559K, capacity 92100K, committed 92208K, reserved 1130496K
  class space    used 11339K, capacity 12038K, committed 12080K, reserved 1048576K
}

