# JRE version: Java(TM) SE Runtime Environment (8.0_121-b13) (build 1.8.0_121-b13)
# Java VM: Java HotSpot(TM) 64-Bit Server VM (25.121-b13 mixed mode windows-amd64 compressed oops)
Heap:
 PSYoungGen      total 118272K, used 39496K [0x00000000e0000000, 0x00000000e9a00000, 0x0000000100000000)
  eden space 94720K, 35% used [0x00000000e0000000,0x00000000e20f58a0,0x00000000e5c80000)
  from space 23552K, 24% used [0x00000000e5c80000,0x00000000e621c8d0,0x00000000e7380000)
  to   space 23040K, 0% used [0x00000000e8380000,0x00000000e8380000,0x00000000e9a00000)
 ParOldGen       total 115200K, used 34109K [0x00000000a0000000, 0x00000000a7080000, 0x00000000e0000000)
  object space 115200K, 29% used [0x00000000a0000000,0x00000000a214f710,0x00000000a7080000)
 Metaspace       used 63841K, capacity 65232K, committed 65560K, reserved 1105920K
  class space    used 8815K, capacity 9184K, committed 9264K, reserved 1048576K
GC Heap History (10 events):
Event: 19.292 GC heap before
{Heap before GC invocations=14 (full 2):
 PSYoungGen      total 81920K, used 81915K [0x00000000e0000000, 0x00000000e6c00000, 0x0000000100000000)
  eden space 69632K, 100% used [0x00000000e0000000,0x00000000e4400000,0x00000000e4400000)
  from space 12288K, 99% used [0x00000000e4400000,0x00000000e4ffef70,0x00000000e5000000)
  to   space 13824K, 0% used [0x00000000e5e80000,0x00000000e5e80000,0x00000000e6c00000)
 ParOldGen       total 115200K, used 17187K [0x00000000a0000000, 0x00000000a7080000, 0x00000000e0000000)
  object space 115200K, 14% used [0x00000000a0000000,0x00000000a10c8d58,0x00000000a7080000)
 Metaspace       used 52009K, capacity 53038K, committed 53160K, reserved 1095680K
  class space    used 7192K, capacity 7536K, committed 7600K, reserved 1048576K
Event: 19.323 GC heap after
Heap after GC invocations=14 (full 2):
 PSYoungGen      total 93696K, used 13820K [0x00000000e0000000, 0x00000000e7280000, 0x0000000100000000)
  eden space 79872K, 0% used [0x00000000e0000000,0x00000000e0000000,0x00000000e4e00000)
  from space 13824K, 99% used [0x00000000e5e80000,0x00000000e6bff388,0x00000000e6c00000)
  to   space 16896K, 0% used [0x00000000e4e00000,0x00000000e4e00000,0x00000000e5e80000)
 ParOldGen       total 115200K, used 20510K [0x00000000a0000000, 0x00000000a7080000, 0x00000000e0000000)
  object space 115200K, 17% used [0x00000000a0000000,0x00000000a1407a00,0x00000000a7080000)
 Metaspace       used 52009K, capacity 53038K, committed 53160K, reserved 1095680K
  class space    used 7192K, capacity 7536K, committed 7600K, reserved 1048576K
}
Event: 21.401 GC heap before
{Heap before GC invocations=15 (full 2):
 PSYoungGen      total 93696K, used 93692K [0x00000000e0000000, 0x00000000e7280000, 0x0000000100000000)
  eden space 79872K, 100% used [0x00000000e0000000,0x00000000e4e00000,0x00000000e4e00000)
  from space 13824K, 99% used [0x00000000e5e80000,0x00000000e6bff388,0x00000000e6c00000)
  to   space 16896K, 0% used [0x00000000e4e00000,0x00000000e4e00000,0x00000000e5e80000)
 ParOldGen       total 115200K, used 20510K [0x00000000a0000000, 0x00000000a7080000, 0x00000000e0000000)
  object space 115200K, 17% used [0x00000000a0000000,0x00000000a1407a00,0x00000000a7080000)
 Metaspace       used 56888K, capacity 58326K, committed 58664K, reserved 1099776K
  class space    used 7985K, capacity 8373K, committed 8496K, reserved 1048576K
Event: 21.440 GC heap after
Heap after GC invocations=15 (full 2):
 PSYoungGen      total 96768K, used 16894K [0x00000000e0000000, 0x00000000e8800000, 0x0000000100000000)
  eden space 79872K, 0% used [0x00000000e0000000,0x00000000e0000000,0x00000000e4e00000)
  from space 16896K, 99% used [0x00000000e4e00000,0x00000000e5e7f9d8,0x00000000e5e80000)
  to   space 20992K, 0% used [0x00000000e7380000,0x00000000e7380000,0x00000000e8800000)
 ParOldGen       total 115200K, used 25426K [0x00000000a0000000, 0x00000000a7080000, 0x00000000e0000000)
  object space 115200K, 22% used [0x00000000a0000000,0x00000000a18d48a0,0x00000000a7080000)
 Metaspace       used 56888K, capacity 58326K, committed 58664K, reserved 1099776K
  class space    used 7985K, capacity 8373K, committed 8496K, reserved 1048576K
}
Event: 22.871 GC heap before
{Heap before GC invocations=16 (full 2):
 PSYoungGen      total 96768K, used 56255K [0x00000000e0000000, 0x00000000e8800000, 0x0000000100000000)
  eden space 79872K, 49% used [0x00000000e0000000,0x00000000e2670470,0x00000000e4e00000)
  from space 16896K, 99% used [0x00000000e4e00000,0x00000000e5e7f9d8,0x00000000e5e80000)
  to   space 20992K, 0% used [0x00000000e7380000,0x00000000e7380000,0x00000000e8800000)
 ParOldGen       total 115200K, used 25426K [0x00000000a0000000, 0x00000000a7080000, 0x00000000e0000000)
  object space 115200K, 22% used [0x00000000a0000000,0x00000000a18d48a0,0x00000000a7080000)
 Metaspace       used 57747K, capacity 59060K, committed 59160K, reserved 1099776K
  class space    used 8061K, capacity 8442K, committed 8496K, reserved 1048576K
Event: 22.912 GC heap after
Heap after GC invocations=16 (full 2):
 PSYoungGen      total 115712K, used 19118K [0x00000000e0000000, 0x00000000e8f80000, 0x0000000100000000)
  eden space 94720K, 0% used [0x00000000e0000000,0x00000000e0000000,0x00000000e5c80000)
  from space 20992K, 91% used [0x00000000e7380000,0x00000000e862b9c8,0x00000000e8800000)
  to   space 23552K, 0% used [0x00000000e5c80000,0x00000000e5c80000,0x00000000e7380000)
 ParOldGen       total 115200K, used 25434K [0x00000000a0000000, 0x00000000a7080000, 0x00000000e0000000)
  object space 115200K, 22% used [0x00000000a0000000,0x00000000a18d68a0,0x00000000a7080000)
 Metaspace       used 57747K, capacity 59060K, committed 59160K, reserved 1099776K
  class space    used 8061K, capacity 8442K, committed 8496K, reserved 1048576K
}
Event: 22.912 GC heap before
{Heap before GC invocations=17 (full 3):
 PSYoungGen      total 115712K, used 19118K [0x00000000e0000000, 0x00000000e8f80000, 0x0000000100000000)
  eden space 94720K, 0% used [0x00000000e0000000,0x00000000e0000000,0x00000000e5c80000)
  from space 20992K, 91% used [0x00000000e7380000,0x00000000e862b9c8,0x00000000e8800000)
  to   space 23552K, 0% used [0x00000000e5c80000,0x00000000e5c80000,0x00000000e7380000)
 ParOldGen       total 115200K, used 25434K [0x00000000a0000000, 0x00000000a7080000, 0x00000000e0000000)
  object space 115200K, 22% used [0x00000000a0000000,0x00000000a18d68a0,0x00000000a7080000)
 Metaspace       used 57747K, capacity 59060K, committed 59160K, reserved 1099776K
  class space    used 8061K, capacity 8442K, committed 8496K, reserved 1048576K
Event: 23.383 GC heap after
Heap after GC invocations=17 (full 3):
 PSYoungGen      total 115712K, used 0K [0x00000000e0000000, 0x00000000e8f80000, 0x0000000100000000)
  eden space 94720K, 0% used [0x00000000e0000000,0x00000000e0000000,0x00000000e5c80000)
  from space 20992K, 0% used [0x00000000e7380000,0x00000000e7380000,0x00000000e8800000)
  to   space 23552K, 0% used [0x00000000e5c80000,0x00000000e5c80000,0x00000000e7380000)
 ParOldGen       total 115200K, used 34101K [0x00000000a0000000, 0x00000000a7080000, 0x00000000e0000000)
  object space 115200K, 29% used [0x00000000a0000000,0x00000000a214d710,0x00000000a7080000)
 Metaspace       used 57747K, capacity 59060K, committed 59160K, reserved 1099776K
  class space    used 8061K, capacity 8442K, committed 8496K, reserved 1048576K
}
Event: 29.089 GC heap before
{Heap before GC invocations=18 (full 3):
 PSYoungGen      total 115712K, used 94708K [0x00000000e0000000, 0x00000000e8f80000, 0x0000000100000000)
  eden space 94720K, 99% used [0x00000000e0000000,0x00000000e5c7d238,0x00000000e5c80000)
  from space 20992K, 0% used [0x00000000e7380000,0x00000000e7380000,0x00000000e8800000)
  to   space 23552K, 0% used [0x00000000e5c80000,0x00000000e5c80000,0x00000000e7380000)
 ParOldGen       total 115200K, used 34101K [0x00000000a0000000, 0x00000000a7080000, 0x00000000e0000000)
  object space 115200K, 29% used [0x00000000a0000000,0x00000000a214d710,0x00000000a7080000)
 Metaspace       used 61062K, capacity 62416K, committed 62616K, reserved 1103872K
  class space    used 8477K, capacity 8864K, committed 8880K, reserved 1048576K
Event: 29.100 GC heap after
Heap after GC invocations=18 (full 3):
 PSYoungGen      total 118272K, used 5746K [0x00000000e0000000, 0x00000000e9a00000, 0x0000000100000000)
  eden space 94720K, 0% used [0x00000000e0000000,0x00000000e0000000,0x00000000e5c80000)
  from space 23552K, 24% used [0x00000000e5c80000,0x00000000e621c8d0,0x00000000e7380000)
  to   space 23040K, 0% used [0x00000000e8380000,0x00000000e8380000,0x00000000e9a00000)
 ParOldGen       total 115200K, used 34109K [0x00000000a0000000, 0x00000000a7080000, 0x00000000e0000000)
  object space 115200K, 29% used [0x00000000a0000000,0x00000000a214f710,0x00000000a7080000)
 Metaspace       used 61062K, capacity 62416K, committed 62616K, reserved 1103872K
  class space    used 8477K, capacity 8864K, committed 8880K, reserved 1048576K
}

