# JRE version: OpenJDK Runtime Environment (8.0_152-b01) (build 1.8.0_152-release-1248-b01)
# Java VM: OpenJDK 64-Bit Server VM (25.152-b01 mixed mode windows-amd64 compressed oops)
Heap:
 PSYoungGen      total 153088K, used 48341K [0x00000000e0000000, 0x00000000eca00000, 0x0000000100000000)
  eden space 128000K, 18% used [0x00000000e0000000,0x00000000e16b7db8,0x00000000e7d00000)
  from space 25088K, 99% used [0x00000000e9d80000,0x00000000eb5fd9d8,0x00000000eb600000)
  to   space 33280K, 0% used [0x00000000e7d00000,0x00000000e7d00000,0x00000000e9d80000)
 ParOldGen       total 156672K, used 46545K [0x00000000a0000000, 0x00000000a9900000, 0x00000000e0000000)
  object space 156672K, 29% used [0x00000000a0000000,0x00000000a2d74670,0x00000000a9900000)
 Metaspace       used 82345K, capacity 85176K, committed 85248K, reserved 1124352K
  class space    used 10568K, capacity 11251K, committed 11264K, reserved 1048576K
GC Heap History (10 events):
Event: 102.595 GC heap before
{Heap before GC invocations=19 (full 3):
 PSYoungGen      total 140288K, used 134215K [0x00000000e0000000, 0x00000000eae00000, 0x0000000100000000)
  eden space 119296K, 100% used [0x00000000e0000000,0x00000000e7480000,0x00000000e7480000)
  from space 20992K, 71% used [0x00000000e7480000,0x00000000e8311cb0,0x00000000e8900000)
  to   space 21504K, 0% used [0x00000000e9900000,0x00000000e9900000,0x00000000eae00000)
 ParOldGen       total 156672K, used 33277K [0x00000000a0000000, 0x00000000a9900000, 0x00000000e0000000)
  object space 156672K, 21% used [0x00000000a0000000,0x00000000a207f400,0x00000000a9900000)
 Metaspace       used 67921K, capacity 70052K, committed 70272K, reserved 1110016K
  class space    used 8965K, capacity 9524K, committed 9600K, reserved 1048576K
Event: 102.719 GC heap after
Heap after GC invocations=19 (full 3):
 PSYoungGen      total 151552K, used 13394K [0x00000000e0000000, 0x00000000eab80000, 0x0000000100000000)
  eden space 132608K, 0% used [0x00000000e0000000,0x00000000e0000000,0x00000000e8180000)
  from space 18944K, 70% used [0x00000000e9900000,0x00000000ea614a60,0x00000000eab80000)
  to   space 21504K, 0% used [0x00000000e8180000,0x00000000e8180000,0x00000000e9680000)
 ParOldGen       total 156672K, used 33285K [0x00000000a0000000, 0x00000000a9900000, 0x00000000e0000000)
  object space 156672K, 21% used [0x00000000a0000000,0x00000000a2081400,0x00000000a9900000)
 Metaspace       used 67921K, capacity 70052K, committed 70272K, reserved 1110016K
  class space    used 8965K, capacity 9524K, committed 9600K, reserved 1048576K
}
Event: 397.140 GC heap before
{Heap before GC invocations=20 (full 3):
 PSYoungGen      total 151552K, used 146002K [0x00000000e0000000, 0x00000000eab80000, 0x0000000100000000)
  eden space 132608K, 100% used [0x00000000e0000000,0x00000000e8180000,0x00000000e8180000)
  from space 18944K, 70% used [0x00000000e9900000,0x00000000ea614a60,0x00000000eab80000)
  to   space 21504K, 0% used [0x00000000e8180000,0x00000000e8180000,0x00000000e9680000)
 ParOldGen       total 156672K, used 33285K [0x00000000a0000000, 0x00000000a9900000, 0x00000000e0000000)
  object space 156672K, 21% used [0x00000000a0000000,0x00000000a2081400,0x00000000a9900000)
 Metaspace       used 71382K, capacity 73994K, committed 74240K, reserved 1114112K
  class space    used 9306K, capacity 9954K, committed 9984K, reserved 1048576K
Event: 397.183 GC heap after
Heap after GC invocations=20 (full 3):
 PSYoungGen      total 154112K, used 16982K [0x00000000e0000000, 0x00000000eb600000, 0x0000000100000000)
  eden space 132608K, 0% used [0x00000000e0000000,0x00000000e0000000,0x00000000e8180000)
  from space 21504K, 78% used [0x00000000e8180000,0x00000000e9215b00,0x00000000e9680000)
  to   space 23040K, 0% used [0x00000000e9f80000,0x00000000e9f80000,0x00000000eb600000)
 ParOldGen       total 156672K, used 33293K [0x00000000a0000000, 0x00000000a9900000, 0x00000000e0000000)
  object space 156672K, 21% used [0x00000000a0000000,0x00000000a2083400,0x00000000a9900000)
 Metaspace       used 71382K, capacity 73994K, committed 74240K, reserved 1114112K
  class space    used 9306K, capacity 9954K, committed 9984K, reserved 1048576K
}
Event: 443.461 GC heap before
{Heap before GC invocations=21 (full 3):
 PSYoungGen      total 154112K, used 149590K [0x00000000e0000000, 0x00000000eb600000, 0x0000000100000000)
  eden space 132608K, 100% used [0x00000000e0000000,0x00000000e8180000,0x00000000e8180000)
  from space 21504K, 78% used [0x00000000e8180000,0x00000000e9215b00,0x00000000e9680000)
  to   space 23040K, 0% used [0x00000000e9f80000,0x00000000e9f80000,0x00000000eb600000)
 ParOldGen       total 156672K, used 33293K [0x00000000a0000000, 0x00000000a9900000, 0x00000000e0000000)
  object space 156672K, 21% used [0x00000000a0000000,0x00000000a2083400,0x00000000a9900000)
 Metaspace       used 73390K, capacity 76164K, committed 76416K, reserved 1116160K
  class space    used 9592K, capacity 10289K, committed 10368K, reserved 1048576K
Event: 443.486 GC heap after
Heap after GC invocations=21 (full 3):
 PSYoungGen      total 145408K, used 15827K [0x00000000e0000000, 0x00000000eaf00000, 0x0000000100000000)
  eden space 129536K, 0% used [0x00000000e0000000,0x00000000e0000000,0x00000000e7e80000)
  from space 15872K, 99% used [0x00000000e9f80000,0x00000000eaef4ec0,0x00000000eaf00000)
  to   space 23040K, 0% used [0x00000000e8200000,0x00000000e8200000,0x00000000e9880000)
 ParOldGen       total 156672K, used 33301K [0x00000000a0000000, 0x00000000a9900000, 0x00000000e0000000)
  object space 156672K, 21% used [0x00000000a0000000,0x00000000a2085400,0x00000000a9900000)
 Metaspace       used 73390K, capacity 76164K, committed 76416K, reserved 1116160K
  class space    used 9592K, capacity 10289K, committed 10368K, reserved 1048576K
}
Event: 447.368 GC heap before
{Heap before GC invocations=22 (full 3):
 PSYoungGen      total 145408K, used 145363K [0x00000000e0000000, 0x00000000eaf00000, 0x0000000100000000)
  eden space 129536K, 100% used [0x00000000e0000000,0x00000000e7e80000,0x00000000e7e80000)
  from space 15872K, 99% used [0x00000000e9f80000,0x00000000eaef4ec0,0x00000000eaf00000)
  to   space 23040K, 0% used [0x00000000e8200000,0x00000000e8200000,0x00000000e9880000)
 ParOldGen       total 156672K, used 33301K [0x00000000a0000000, 0x00000000a9900000, 0x00000000e0000000)
  object space 156672K, 21% used [0x00000000a0000000,0x00000000a2085400,0x00000000a9900000)
 Metaspace       used 75678K, capacity 78566K, committed 78720K, reserved 1118208K
  class space    used 9852K, capacity 10570K, committed 10624K, reserved 1048576K
Event: 447.392 GC heap after
Heap after GC invocations=22 (full 3):
 PSYoungGen      total 156160K, used 19419K [0x00000000e0000000, 0x00000000eb600000, 0x0000000100000000)
  eden space 133120K, 0% used [0x00000000e0000000,0x00000000e0000000,0x00000000e8200000)
  from space 23040K, 84% used [0x00000000e8200000,0x00000000e94f6d08,0x00000000e9880000)
  to   space 25088K, 0% used [0x00000000e9d80000,0x00000000e9d80000,0x00000000eb600000)
 ParOldGen       total 156672K, used 33309K [0x00000000a0000000, 0x00000000a9900000, 0x00000000e0000000)
  object space 156672K, 21% used [0x00000000a0000000,0x00000000a2087400,0x00000000a9900000)
 Metaspace       used 75678K, capacity 78566K, committed 78720K, reserved 1118208K
  class space    used 9852K, capacity 10570K, committed 10624K, reserved 1048576K
}
Event: 453.824 GC heap before
{Heap before GC invocations=23 (full 3):
 PSYoungGen      total 156160K, used 152539K [0x00000000e0000000, 0x00000000eb600000, 0x0000000100000000)
  eden space 133120K, 100% used [0x00000000e0000000,0x00000000e8200000,0x00000000e8200000)
  from space 23040K, 84% used [0x00000000e8200000,0x00000000e94f6d08,0x00000000e9880000)
  to   space 25088K, 0% used [0x00000000e9d80000,0x00000000e9d80000,0x00000000eb600000)
 ParOldGen       total 156672K, used 33309K [0x00000000a0000000, 0x00000000a9900000, 0x00000000e0000000)
  object space 156672K, 21% used [0x00000000a0000000,0x00000000a2087400,0x00000000a9900000)
 Metaspace       used 81174K, capacity 83992K, committed 84224K, reserved 1122304K
  class space    used 10483K, capacity 11155K, committed 11264K, reserved 1048576K
Event: 453.877 GC heap after
Heap after GC invocations=23 (full 3):
 PSYoungGen      total 153088K, used 25078K [0x00000000e0000000, 0x00000000eca00000, 0x0000000100000000)
  eden space 128000K, 0% used [0x00000000e0000000,0x00000000e0000000,0x00000000e7d00000)
  from space 25088K, 99% used [0x00000000e9d80000,0x00000000eb5fd9d8,0x00000000eb600000)
  to   space 33280K, 0% used [0x00000000e7d00000,0x00000000e7d00000,0x00000000e9d80000)
 ParOldGen       total 156672K, used 46545K [0x00000000a0000000, 0x00000000a9900000, 0x00000000e0000000)
  object space 156672K, 29% used [0x00000000a0000000,0x00000000a2d74670,0x00000000a9900000)
 Metaspace       used 81174K, capacity 83992K, committed 84224K, reserved 1122304K
  class space    used 10483K, capacity 11155K, committed 11264K, reserved 1048576K
}

