# JRE version: OpenJDK Runtime Environment (8.0_152-b01) (build 1.8.0_152-release-1248-b01)
# Java VM: OpenJDK 64-Bit Server VM (25.152-b01 mixed mode windows-amd64 compressed oops)
Heap:
 PSYoungGen      total 157184K, used 156541K [0x00000000e0000000, 0x00000000ebe00000, 0x0000000100000000)
  eden space 140288K, 99% used [0x00000000e0000000,0x00000000e889bdc0,0x00000000e8900000)
  from space 16896K, 98% used [0x00000000ead80000,0x00000000ebdc3668,0x00000000ebe00000)
  to   space 23552K, 0% used [0x00000000e9000000,0x00000000e9000000,0x00000000ea700000)
 ParOldGen       total 155648K, used 33464K [0x00000000a0000000, 0x00000000a9800000, 0x00000000e0000000)
  object space 155648K, 21% used [0x00000000a0000000,0x00000000a20ae2f0,0x00000000a9800000)
 Metaspace       used 74513K, capacity 77832K, committed 77952K, reserved 1116160K
  class space    used 9713K, capacity 10576K, committed 10624K, reserved 1048576K
GC Heap History (10 events):
Event: 22.827 GC heap before
{Heap before GC invocations=17 (full 3):
 PSYoungGen      total 123392K, used 103936K [0x00000000e0000000, 0x00000000eb100000, 0x0000000100000000)
  eden space 103936K, 100% used [0x00000000e0000000,0x00000000e6580000,0x00000000e6580000)
  from space 19456K, 0% used [0x00000000e6580000,0x00000000e6580000,0x00000000e7880000)
  to   space 22016K, 0% used [0x00000000e9b80000,0x00000000e9b80000,0x00000000eb100000)
 ParOldGen       total 155648K, used 33424K [0x00000000a0000000, 0x00000000a9800000, 0x00000000e0000000)
  object space 155648K, 21% used [0x00000000a0000000,0x00000000a20a42f0,0x00000000a9800000)
 Metaspace       used 60278K, capacity 61994K, committed 62208K, reserved 1103872K
  class space    used 8246K, capacity 8673K, committed 8704K, reserved 1048576K
Event: 22.854 GC heap after
Heap after GC invocations=17 (full 3):
 PSYoungGen      total 135680K, used 6128K [0x00000000e0000000, 0x00000000ea500000, 0x0000000100000000)
  eden space 125952K, 0% used [0x00000000e0000000,0x00000000e0000000,0x00000000e7b00000)
  from space 9728K, 62% used [0x00000000e9b80000,0x00000000ea17c080,0x00000000ea500000)
  to   space 21504K, 0% used [0x00000000e7b00000,0x00000000e7b00000,0x00000000e9000000)
 ParOldGen       total 155648K, used 33432K [0x00000000a0000000, 0x00000000a9800000, 0x00000000e0000000)
  object space 155648K, 21% used [0x00000000a0000000,0x00000000a20a62f0,0x00000000a9800000)
 Metaspace       used 60278K, capacity 61994K, committed 62208K, reserved 1103872K
  class space    used 8246K, capacity 8673K, committed 8704K, reserved 1048576K
}
Event: 162.546 GC heap before
{Heap before GC invocations=18 (full 3):
 PSYoungGen      total 135680K, used 132080K [0x00000000e0000000, 0x00000000ea500000, 0x0000000100000000)
  eden space 125952K, 100% used [0x00000000e0000000,0x00000000e7b00000,0x00000000e7b00000)
  from space 9728K, 62% used [0x00000000e9b80000,0x00000000ea17c080,0x00000000ea500000)
  to   space 21504K, 0% used [0x00000000e7b00000,0x00000000e7b00000,0x00000000e9000000)
 ParOldGen       total 155648K, used 33432K [0x00000000a0000000, 0x00000000a9800000, 0x00000000e0000000)
  object space 155648K, 21% used [0x00000000a0000000,0x00000000a20a62f0,0x00000000a9800000)
 Metaspace       used 67786K, capacity 69968K, committed 70016K, reserved 1110016K
  class space    used 8987K, capacity 9560K, committed 9600K, reserved 1048576K
Event: 162.564 GC heap after
Heap after GC invocations=18 (full 3):
 PSYoungGen      total 147456K, used 13060K [0x00000000e0000000, 0x00000000eba80000, 0x0000000100000000)
  eden space 125952K, 0% used [0x00000000e0000000,0x00000000e0000000,0x00000000e7b00000)
  from space 21504K, 60% used [0x00000000e7b00000,0x00000000e87c10f0,0x00000000e9000000)
  to   space 21504K, 0% used [0x00000000ea580000,0x00000000ea580000,0x00000000eba80000)
 ParOldGen       total 155648K, used 33440K [0x00000000a0000000, 0x00000000a9800000, 0x00000000e0000000)
  object space 155648K, 21% used [0x00000000a0000000,0x00000000a20a82f0,0x00000000a9800000)
 Metaspace       used 67786K, capacity 69968K, committed 70016K, reserved 1110016K
  class space    used 8987K, capacity 9560K, committed 9600K, reserved 1048576K
}
Event: 664.260 GC heap before
{Heap before GC invocations=19 (full 3):
 PSYoungGen      total 147456K, used 139012K [0x00000000e0000000, 0x00000000eba80000, 0x0000000100000000)
  eden space 125952K, 100% used [0x00000000e0000000,0x00000000e7b00000,0x00000000e7b00000)
  from space 21504K, 60% used [0x00000000e7b00000,0x00000000e87c10f0,0x00000000e9000000)
  to   space 21504K, 0% used [0x00000000ea580000,0x00000000ea580000,0x00000000eba80000)
 ParOldGen       total 155648K, used 33440K [0x00000000a0000000, 0x00000000a9800000, 0x00000000e0000000)
  object space 155648K, 21% used [0x00000000a0000000,0x00000000a20a82f0,0x00000000a9800000)
 Metaspace       used 71934K, capacity 74440K, committed 74752K, reserved 1114112K
  class space    used 9463K, capacity 10129K, committed 10240K, reserved 1048576K
Event: 664.286 GC heap after
Heap after GC invocations=19 (full 3):
 PSYoungGen      total 164352K, used 17060K [0x00000000e0000000, 0x00000000eb980000, 0x0000000100000000)
  eden space 143872K, 0% used [0x00000000e0000000,0x00000000e0000000,0x00000000e8c80000)
  from space 20480K, 83% used [0x00000000ea580000,0x00000000eb6291f8,0x00000000eb980000)
  to   space 23040K, 0% used [0x00000000e8c80000,0x00000000e8c80000,0x00000000ea300000)
 ParOldGen       total 155648K, used 33448K [0x00000000a0000000, 0x00000000a9800000, 0x00000000e0000000)
  object space 155648K, 21% used [0x00000000a0000000,0x00000000a20aa2f0,0x00000000a9800000)
 Metaspace       used 71934K, capacity 74440K, committed 74752K, reserved 1114112K
  class space    used 9463K, capacity 10129K, committed 10240K, reserved 1048576K
}
Event: 738.719 GC heap before
{Heap before GC invocations=20 (full 3):
 PSYoungGen      total 164352K, used 160932K [0x00000000e0000000, 0x00000000eb980000, 0x0000000100000000)
  eden space 143872K, 100% used [0x00000000e0000000,0x00000000e8c80000,0x00000000e8c80000)
  from space 20480K, 83% used [0x00000000ea580000,0x00000000eb6291f8,0x00000000eb980000)
  to   space 23040K, 0% used [0x00000000e8c80000,0x00000000e8c80000,0x00000000ea300000)
 ParOldGen       total 155648K, used 33448K [0x00000000a0000000, 0x00000000a9800000, 0x00000000e0000000)
  object space 155648K, 21% used [0x00000000a0000000,0x00000000a20aa2f0,0x00000000a9800000)
 Metaspace       used 72702K, capacity 75436K, committed 75520K, reserved 1114112K
  class space    used 9506K, capacity 10197K, committed 10240K, reserved 1048576K
Event: 738.736 GC heap after
Heap after GC invocations=20 (full 3):
 PSYoungGen      total 166912K, used 13850K [0x00000000e0000000, 0x00000000ec400000, 0x0000000100000000)
  eden space 143872K, 0% used [0x00000000e0000000,0x00000000e0000000,0x00000000e8c80000)
  from space 23040K, 60% used [0x00000000e8c80000,0x00000000e9a068b8,0x00000000ea300000)
  to   space 23040K, 0% used [0x00000000ead80000,0x00000000ead80000,0x00000000ec400000)
 ParOldGen       total 155648K, used 33456K [0x00000000a0000000, 0x00000000a9800000, 0x00000000e0000000)
  object space 155648K, 21% used [0x00000000a0000000,0x00000000a20ac2f0,0x00000000a9800000)
 Metaspace       used 72702K, capacity 75436K, committed 75520K, reserved 1114112K
  class space    used 9506K, capacity 10197K, committed 10240K, reserved 1048576K
}
Event: 867.533 GC heap before
{Heap before GC invocations=21 (full 3):
 PSYoungGen      total 166912K, used 157722K [0x00000000e0000000, 0x00000000ec400000, 0x0000000100000000)
  eden space 143872K, 100% used [0x00000000e0000000,0x00000000e8c80000,0x00000000e8c80000)
  from space 23040K, 60% used [0x00000000e8c80000,0x00000000e9a068b8,0x00000000ea300000)
  to   space 23040K, 0% used [0x00000000ead80000,0x00000000ead80000,0x00000000ec400000)
 ParOldGen       total 155648K, used 33456K [0x00000000a0000000, 0x00000000a9800000, 0x00000000e0000000)
  object space 155648K, 21% used [0x00000000a0000000,0x00000000a20ac2f0,0x00000000a9800000)
 Metaspace       used 73192K, capacity 76012K, committed 76160K, reserved 1116160K
  class space    used 9549K, capacity 10284K, committed 10368K, reserved 1048576K
Event: 867.566 GC heap after
Heap after GC invocations=21 (full 3):
 PSYoungGen      total 157184K, used 16653K [0x00000000e0000000, 0x00000000ebe00000, 0x0000000100000000)
  eden space 140288K, 0% used [0x00000000e0000000,0x00000000e0000000,0x00000000e8900000)
  from space 16896K, 98% used [0x00000000ead80000,0x00000000ebdc3668,0x00000000ebe00000)
  to   space 23552K, 0% used [0x00000000e9000000,0x00000000e9000000,0x00000000ea700000)
 ParOldGen       total 155648K, used 33464K [0x00000000a0000000, 0x00000000a9800000, 0x00000000e0000000)
  object space 155648K, 21% used [0x00000000a0000000,0x00000000a20ae2f0,0x00000000a9800000)
 Metaspace       used 73192K, capacity 76012K, committed 76160K, reserved 1116160K
  class space    used 9549K, capacity 10284K, committed 10368K, reserved 1048576K
}

